{"src/contracts/ERC721A.sol":{"l":{"79":29,"83":29,"84":29,"85":29,"86":29,"87":29,"94":46,"106":0,"107":0,"121":0,"122":0,"123":0,"124":0,"125":0,"126":0,"127":0,"128":0,"130":0,"131":0,"132":0,"134":0,"137":0,"150":0,"161":4,"165":4,"169":19,"173":19,"181":2,"183":2,"184":2,"185":2,"188":2,"189":2,"190":2,"191":2,"195":0,"202":0,"209":1,"216":1,"229":0,"234":0,"235":0,"247":0,"254":0,"255":0,"257":0,"262":0,"274":0,"279":0,"289":0,"291":0,"292":0,"305":0,"316":0,"327":2,"339":2,"340":2,"354":104,"358":97,"377":97,"378":97,"380":97,"381":97,"383":97,"385":97,"386":97,"390":97,"392":97,"394":97,"395":621,"396":621,"400":621,"403":97,"404":97,"422":2,"424":2,"428":2,"433":2,"437":2,"439":2,"442":2,"444":2,"445":2,"446":2,"450":2,"451":2,"452":2,"453":0,"460":2,"461":2,"474":2,"475":2,"484":0,"485":0,"486":0,"487":0,"488":0,"491":0,"492":0,"493":0,"494":0,"495":0,"501":0,"520":623,"521":0,"529":0,"531":0,"532":0,"536":0,"542":623},"path":"/Users/christopherfoley/nft/YetiPunks/src/contracts/ERC721A.sol","s":{"1":29,"2":29,"3":29,"4":29,"5":29,"6":29,"7":46,"8":0,"9":0,"10":0,"11":0,"12":0,"13":0,"14":0,"15":0,"16":0,"17":0,"18":0,"19":0,"20":0,"21":0,"22":0,"23":4,"24":4,"25":19,"26":19,"27":2,"28":2,"29":2,"30":2,"31":2,"32":2,"33":2,"34":2,"35":0,"36":0,"37":1,"38":1,"39":0,"40":0,"41":0,"42":0,"43":0,"44":0,"45":0,"46":0,"47":0,"48":0,"49":0,"50":0,"51":0,"52":0,"53":0,"54":2,"55":2,"56":2,"57":104,"58":97,"59":97,"60":97,"61":97,"62":97,"63":97,"64":97,"65":97,"66":97,"67":97,"68":97,"69":621,"70":621,"71":97,"72":97,"73":2,"74":2,"75":2,"76":2,"77":2,"78":2,"79":2,"80":2,"81":2,"82":2,"83":2,"84":2,"85":2,"86":0,"87":2,"88":2,"89":2,"90":2,"91":0,"92":0,"93":0,"94":0,"95":0,"96":0,"97":0,"98":0,"99":0,"100":0,"101":0,"102":623,"103":0,"104":0,"105":0,"106":0,"107":623},"b":{"1":[29,0],"2":[29,0],"3":[0,0],"4":[0,0],"5":[0,0],"6":[0,0],"7":[0,0],"8":[4,0],"9":[19,0],"10":[2,0],"11":[2,0],"12":[2,0],"13":[0,0],"14":[0,0],"15":[0,0],"16":[0,0],"17":[0,0],"18":[2,0],"19":[97,0],"20":[97,0],"21":[97,0],"22":[621,0],"23":[2,0],"24":[2,0],"25":[2,0],"26":[2,0],"27":[0,2],"28":[0,0],"29":[0,0],"30":[0,0],"31":[0,0],"32":[0,623],"33":[0,0]},"f":{"1":29,"2":46,"3":0,"4":0,"5":0,"6":4,"7":19,"8":2,"9":0,"10":1,"11":1,"12":0,"13":0,"14":0,"15":0,"16":0,"17":0,"18":0,"19":2,"20":2,"21":104,"22":97,"23":97,"24":2,"25":2,"26":0,"27":623,"28":99,"29":99},"fnMap":{"1":{"name":"constructor","line":73,"loc":{"start":{"line":73,"column":4},"end":{"line":88,"column":4}}},"2":{"name":"totalSupply","line":93,"loc":{"start":{"line":93,"column":4},"end":{"line":95,"column":4}}},"3":{"name":"tokenByIndex","line":100,"loc":{"start":{"line":100,"column":4},"end":{"line":108,"column":4}}},"4":{"name":"tokenOfOwnerByIndex","line":115,"loc":{"start":{"line":115,"column":4},"end":{"line":138,"column":4}}},"5":{"name":"supportsInterface","line":143,"loc":{"start":{"line":143,"column":4},"end":{"line":155,"column":4}}},"6":{"name":"balanceOf","line":160,"loc":{"start":{"line":160,"column":4},"end":{"line":166,"column":4}}},"7":{"name":"_numberMinted","line":168,"loc":{"start":{"line":168,"column":4},"end":{"line":174,"column":4}}},"8":{"name":"ownershipOf","line":176,"loc":{"start":{"line":176,"column":4},"end":{"line":196,"column":4}}},"9":{"name":"ownerOf","line":201,"loc":{"start":{"line":201,"column":4},"end":{"line":203,"column":4}}},"10":{"name":"name","line":208,"loc":{"start":{"line":208,"column":4},"end":{"line":210,"column":4}}},"11":{"name":"symbol","line":215,"loc":{"start":{"line":215,"column":4},"end":{"line":217,"column":4}}},"12":{"name":"tokenURI","line":222,"loc":{"start":{"line":222,"column":4},"end":{"line":239,"column":4}}},"13":{"name":"_baseURI","line":246,"loc":{"start":{"line":246,"column":4},"end":{"line":248,"column":4}}},"14":{"name":"approve","line":253,"loc":{"start":{"line":253,"column":4},"end":{"line":263,"column":4}}},"15":{"name":"getApproved","line":268,"loc":{"start":{"line":268,"column":4},"end":{"line":280,"column":4}}},"16":{"name":"setApprovalForAll","line":285,"loc":{"start":{"line":285,"column":4},"end":{"line":293,"column":4}}},"17":{"name":"isApprovedForAll","line":298,"loc":{"start":{"line":298,"column":4},"end":{"line":306,"column":4}}},"18":{"name":"transferFrom","line":311,"loc":{"start":{"line":311,"column":4},"end":{"line":317,"column":4}}},"19":{"name":"safeTransferFrom","line":322,"loc":{"start":{"line":322,"column":4},"end":{"line":328,"column":4}}},"20":{"name":"safeTransferFrom","line":333,"loc":{"start":{"line":333,"column":4},"end":{"line":344,"column":4}}},"21":{"name":"_exists","line":353,"loc":{"start":{"line":353,"column":4},"end":{"line":355,"column":4}}},"22":{"name":"_safeMint","line":357,"loc":{"start":{"line":357,"column":4},"end":{"line":359,"column":4}}},"23":{"name":"_safeMint","line":372,"loc":{"start":{"line":372,"column":4},"end":{"line":405,"column":4}}},"24":{"name":"_transfer","line":417,"loc":{"start":{"line":417,"column":4},"end":{"line":462,"column":4}}},"25":{"name":"_approve","line":469,"loc":{"start":{"line":469,"column":4},"end":{"line":476,"column":4}}},"26":{"name":"_setOwnersExplicit","line":483,"loc":{"start":{"line":483,"column":4},"end":{"line":502,"column":4}}},"27":{"name":"_checkOnERC721Received","line":514,"loc":{"start":{"line":514,"column":4},"end":{"line":544,"column":4}}},"28":{"name":"_beforeTokenTransfers","line":558,"loc":{"start":{"line":558,"column":4},"end":{"line":563,"column":24}}},"29":{"name":"_afterTokenTransfers","line":577,"loc":{"start":{"line":577,"column":4},"end":{"line":582,"column":24}}}},"statementMap":{"1":{"start":{"line":79,"column":8},"end":{"line":79,"column":2482}},"2":{"start":{"line":83,"column":8},"end":{"line":83,"column":76}},"3":{"start":{"line":84,"column":8},"end":{"line":84,"column":20}},"4":{"start":{"line":85,"column":8},"end":{"line":85,"column":24}},"5":{"start":{"line":86,"column":8},"end":{"line":86,"column":35}},"6":{"start":{"line":87,"column":8},"end":{"line":87,"column":39}},"7":{"start":{"line":94,"column":8},"end":{"line":94,"column":27}},"8":{"start":{"line":106,"column":8},"end":{"line":106,"column":76}},"9":{"start":{"line":107,"column":8},"end":{"line":107,"column":20}},"10":{"start":{"line":121,"column":8},"end":{"line":121,"column":78}},"11":{"start":{"line":122,"column":8},"end":{"line":122,"column":46}},"12":{"start":{"line":123,"column":8},"end":{"line":123,"column":31}},"13":{"start":{"line":124,"column":8},"end":{"line":124,"column":46}},"14":{"start":{"line":125,"column":8},"end":{"line":125,"column":3921}},"15":{"start":{"line":126,"column":12},"end":{"line":126,"column":60}},"16":{"start":{"line":127,"column":12},"end":{"line":127,"column":4046}},"17":{"start":{"line":128,"column":16},"end":{"line":128,"column":49}},"18":{"start":{"line":130,"column":12},"end":{"line":130,"column":4160}},"19":{"start":{"line":131,"column":16},"end":{"line":131,"column":4214}},"20":{"start":{"line":132,"column":20},"end":{"line":132,"column":28}},"21":{"start":{"line":137,"column":8},"end":{"line":137,"column":63}},"22":{"start":{"line":150,"column":8},"end":{"line":150,"column":4677}},"23":{"start":{"line":161,"column":8},"end":{"line":161,"column":5027}},"24":{"start":{"line":165,"column":8},"end":{"line":165,"column":51}},"25":{"start":{"line":169,"column":8},"end":{"line":169,"column":5280}},"26":{"start":{"line":173,"column":8},"end":{"line":173,"column":56}},"27":{"start":{"line":181,"column":8},"end":{"line":181,"column":78}},"28":{"start":{"line":183,"column":8},"end":{"line":183,"column":34}},"29":{"start":{"line":184,"column":8},"end":{"line":184,"column":5706}},"30":{"start":{"line":185,"column":12},"end":{"line":185,"column":58}},"31":{"start":{"line":188,"column":8},"end":{"line":188,"column":5817}},"32":{"start":{"line":189,"column":12},"end":{"line":189,"column":63}},"33":{"start":{"line":190,"column":12},"end":{"line":190,"column":5965}},"34":{"start":{"line":191,"column":16},"end":{"line":191,"column":32}},"35":{"start":{"line":195,"column":8},"end":{"line":195,"column":64}},"36":{"start":{"line":202,"column":8},"end":{"line":202,"column":40}},"37":{"start":{"line":209,"column":8},"end":{"line":209,"column":20}},"38":{"start":{"line":216,"column":8},"end":{"line":216,"column":22}},"39":{"start":{"line":229,"column":8},"end":{"line":229,"column":6841}},"40":{"start":{"line":234,"column":8},"end":{"line":234,"column":42}},"41":{"start":{"line":235,"column":8},"end":{"line":235,"column":7018}},"42":{"start":{"line":247,"column":8},"end":{"line":247,"column":17}},"43":{"start":{"line":254,"column":8},"end":{"line":254,"column":48}},"44":{"start":{"line":255,"column":8},"end":{"line":255,"column":65}},"45":{"start":{"line":257,"column":8},"end":{"line":257,"column":7731}},"46":{"start":{"line":262,"column":8},"end":{"line":262,"column":35}},"47":{"start":{"line":274,"column":8},"end":{"line":274,"column":8127}},"48":{"start":{"line":279,"column":8},"end":{"line":279,"column":39}},"49":{"start":{"line":289,"column":8},"end":{"line":289,"column":70}},"50":{"start":{"line":291,"column":8},"end":{"line":291,"column":60}},"51":{"start":{"line":292,"column":8},"end":{"line":292,"column":61}},"52":{"start":{"line":305,"column":8},"end":{"line":305,"column":50}},"53":{"start":{"line":316,"column":8},"end":{"line":316,"column":35}},"54":{"start":{"line":327,"column":8},"end":{"line":327,"column":46}},"55":{"start":{"line":339,"column":8},"end":{"line":339,"column":35}},"56":{"start":{"line":340,"column":8},"end":{"line":340,"column":9638}},"57":{"start":{"line":354,"column":8},"end":{"line":354,"column":37}},"58":{"start":{"line":358,"column":8},"end":{"line":358,"column":34}},"59":{"start":{"line":377,"column":8},"end":{"line":377,"column":43}},"60":{"start":{"line":378,"column":8},"end":{"line":378,"column":69}},"61":{"start":{"line":380,"column":8},"end":{"line":380,"column":71}},"62":{"start":{"line":381,"column":8},"end":{"line":381,"column":78}},"63":{"start":{"line":383,"column":8},"end":{"line":383,"column":68}},"64":{"start":{"line":385,"column":8},"end":{"line":385,"column":57}},"65":{"start":{"line":386,"column":8},"end":{"line":386,"column":11250}},"66":{"start":{"line":390,"column":8},"end":{"line":390,"column":78}},"67":{"start":{"line":392,"column":8},"end":{"line":392,"column":43}},"68":{"start":{"line":394,"column":8},"end":{"line":394,"column":11539}},"69":{"start":{"line":395,"column":12},"end":{"line":395,"column":55}},"70":{"start":{"line":396,"column":12},"end":{"line":396,"column":11653}},"71":{"start":{"line":403,"column":8},"end":{"line":403,"column":34}},"72":{"start":{"line":404,"column":8},"end":{"line":404,"column":67}},"73":{"start":{"line":422,"column":8},"end":{"line":422,"column":66}},"74":{"start":{"line":424,"column":8},"end":{"line":424,"column":12447}},"75":{"start":{"line":428,"column":8},"end":{"line":428,"column":12582}},"76":{"start":{"line":433,"column":8},"end":{"line":433,"column":12707}},"77":{"start":{"line":437,"column":8},"end":{"line":437,"column":73}},"78":{"start":{"line":439,"column":8},"end":{"line":439,"column":50}},"79":{"start":{"line":442,"column":8},"end":{"line":442,"column":56}},"80":{"start":{"line":444,"column":8},"end":{"line":444,"column":38}},"81":{"start":{"line":445,"column":8},"end":{"line":445,"column":36}},"82":{"start":{"line":446,"column":8},"end":{"line":446,"column":73}},"83":{"start":{"line":450,"column":8},"end":{"line":450,"column":41}},"84":{"start":{"line":451,"column":8},"end":{"line":451,"column":13495}},"85":{"start":{"line":452,"column":12},"end":{"line":452,"column":13562}},"86":{"start":{"line":453,"column":16},"end":{"line":453,"column":13610}},"87":{"start":{"line":460,"column":8},"end":{"line":460,"column":40}},"88":{"start":{"line":461,"column":8},"end":{"line":461,"column":49}},"89":{"start":{"line":474,"column":8},"end":{"line":474,"column":36}},"90":{"start":{"line":475,"column":8},"end":{"line":475,"column":41}},"91":{"start":{"line":484,"column":8},"end":{"line":484,"column":60}},"92":{"start":{"line":485,"column":8},"end":{"line":485,"column":56}},"93":{"start":{"line":486,"column":8},"end":{"line":486,"column":59}},"94":{"start":{"line":487,"column":8},"end":{"line":487,"column":14581}},"95":{"start":{"line":488,"column":12},"end":{"line":488,"column":40}},"96":{"start":{"line":491,"column":8},"end":{"line":491,"column":75}},"97":{"start":{"line":492,"column":8},"end":{"line":492,"column":14861}},"98":{"start":{"line":493,"column":12},"end":{"line":493,"column":14935}},"99":{"start":{"line":494,"column":16},"end":{"line":494,"column":64}},"100":{"start":{"line":495,"column":16},"end":{"line":495,"column":15062}},"101":{"start":{"line":501,"column":8},"end":{"line":501,"column":46}},"102":{"start":{"line":520,"column":8},"end":{"line":520,"column":15984}},"103":{"start":{"line":521,"column":12},"end":{"line":521,"column":16023}},"104":{"start":{"line":529,"column":16},"end":{"line":529,"column":78}},"105":{"start":{"line":531,"column":16},"end":{"line":531,"column":16396}},"106":{"start":{"line":532,"column":20},"end":{"line":532,"column":16446}},"107":{"start":{"line":542,"column":12},"end":{"line":542,"column":23}}},"branchMap":{"1":{"line":79,"type":"if","locations":[{"start":{"line":79,"column":8},"end":{"line":79,"column":8}},{"start":{"line":79,"column":8},"end":{"line":79,"column":8}}]},"2":{"line":83,"type":"if","locations":[{"start":{"line":83,"column":8},"end":{"line":83,"column":8}},{"start":{"line":83,"column":8},"end":{"line":83,"column":8}}]},"3":{"line":106,"type":"if","locations":[{"start":{"line":106,"column":8},"end":{"line":106,"column":8}},{"start":{"line":106,"column":8},"end":{"line":106,"column":8}}]},"4":{"line":121,"type":"if","locations":[{"start":{"line":121,"column":8},"end":{"line":121,"column":8}},{"start":{"line":121,"column":8},"end":{"line":121,"column":8}}]},"5":{"line":127,"type":"if","locations":[{"start":{"line":127,"column":12},"end":{"line":127,"column":12}},{"start":{"line":127,"column":12},"end":{"line":127,"column":12}}]},"6":{"line":130,"type":"if","locations":[{"start":{"line":130,"column":12},"end":{"line":130,"column":12}},{"start":{"line":130,"column":12},"end":{"line":130,"column":12}}]},"7":{"line":131,"type":"if","locations":[{"start":{"line":131,"column":16},"end":{"line":131,"column":16}},{"start":{"line":131,"column":16},"end":{"line":131,"column":16}}]},"8":{"line":161,"type":"if","locations":[{"start":{"line":161,"column":8},"end":{"line":161,"column":8}},{"start":{"line":161,"column":8},"end":{"line":161,"column":8}}]},"9":{"line":169,"type":"if","locations":[{"start":{"line":169,"column":8},"end":{"line":169,"column":8}},{"start":{"line":169,"column":8},"end":{"line":169,"column":8}}]},"10":{"line":181,"type":"if","locations":[{"start":{"line":181,"column":8},"end":{"line":181,"column":8}},{"start":{"line":181,"column":8},"end":{"line":181,"column":8}}]},"11":{"line":184,"type":"if","locations":[{"start":{"line":184,"column":8},"end":{"line":184,"column":8}},{"start":{"line":184,"column":8},"end":{"line":184,"column":8}}]},"12":{"line":190,"type":"if","locations":[{"start":{"line":190,"column":12},"end":{"line":190,"column":12}},{"start":{"line":190,"column":12},"end":{"line":190,"column":12}}]},"13":{"line":229,"type":"if","locations":[{"start":{"line":229,"column":8},"end":{"line":229,"column":8}},{"start":{"line":229,"column":8},"end":{"line":229,"column":8}}]},"14":{"line":255,"type":"if","locations":[{"start":{"line":255,"column":8},"end":{"line":255,"column":8}},{"start":{"line":255,"column":8},"end":{"line":255,"column":8}}]},"15":{"line":257,"type":"if","locations":[{"start":{"line":257,"column":8},"end":{"line":257,"column":8}},{"start":{"line":257,"column":8},"end":{"line":257,"column":8}}]},"16":{"line":274,"type":"if","locations":[{"start":{"line":274,"column":8},"end":{"line":274,"column":8}},{"start":{"line":274,"column":8},"end":{"line":274,"column":8}}]},"17":{"line":289,"type":"if","locations":[{"start":{"line":289,"column":8},"end":{"line":289,"column":8}},{"start":{"line":289,"column":8},"end":{"line":289,"column":8}}]},"18":{"line":340,"type":"if","locations":[{"start":{"line":340,"column":8},"end":{"line":340,"column":8}},{"start":{"line":340,"column":8},"end":{"line":340,"column":8}}]},"19":{"line":378,"type":"if","locations":[{"start":{"line":378,"column":8},"end":{"line":378,"column":8}},{"start":{"line":378,"column":8},"end":{"line":378,"column":8}}]},"20":{"line":380,"type":"if","locations":[{"start":{"line":380,"column":8},"end":{"line":380,"column":8}},{"start":{"line":380,"column":8},"end":{"line":380,"column":8}}]},"21":{"line":381,"type":"if","locations":[{"start":{"line":381,"column":8},"end":{"line":381,"column":8}},{"start":{"line":381,"column":8},"end":{"line":381,"column":8}}]},"22":{"line":396,"type":"if","locations":[{"start":{"line":396,"column":12},"end":{"line":396,"column":12}},{"start":{"line":396,"column":12},"end":{"line":396,"column":12}}]},"23":{"line":428,"type":"if","locations":[{"start":{"line":428,"column":8},"end":{"line":428,"column":8}},{"start":{"line":428,"column":8},"end":{"line":428,"column":8}}]},"24":{"line":433,"type":"if","locations":[{"start":{"line":433,"column":8},"end":{"line":433,"column":8}},{"start":{"line":433,"column":8},"end":{"line":433,"column":8}}]},"25":{"line":437,"type":"if","locations":[{"start":{"line":437,"column":8},"end":{"line":437,"column":8}},{"start":{"line":437,"column":8},"end":{"line":437,"column":8}}]},"26":{"line":451,"type":"if","locations":[{"start":{"line":451,"column":8},"end":{"line":451,"column":8}},{"start":{"line":451,"column":8},"end":{"line":451,"column":8}}]},"27":{"line":452,"type":"if","locations":[{"start":{"line":452,"column":12},"end":{"line":452,"column":12}},{"start":{"line":452,"column":12},"end":{"line":452,"column":12}}]},"28":{"line":485,"type":"if","locations":[{"start":{"line":485,"column":8},"end":{"line":485,"column":8}},{"start":{"line":485,"column":8},"end":{"line":485,"column":8}}]},"29":{"line":487,"type":"if","locations":[{"start":{"line":487,"column":8},"end":{"line":487,"column":8}},{"start":{"line":487,"column":8},"end":{"line":487,"column":8}}]},"30":{"line":491,"type":"if","locations":[{"start":{"line":491,"column":8},"end":{"line":491,"column":8}},{"start":{"line":491,"column":8},"end":{"line":491,"column":8}}]},"31":{"line":493,"type":"if","locations":[{"start":{"line":493,"column":12},"end":{"line":493,"column":12}},{"start":{"line":493,"column":12},"end":{"line":493,"column":12}}]},"32":{"line":520,"type":"if","locations":[{"start":{"line":520,"column":8},"end":{"line":520,"column":8}},{"start":{"line":520,"column":8},"end":{"line":520,"column":8}}]},"33":{"line":531,"type":"if","locations":[{"start":{"line":531,"column":16},"end":{"line":531,"column":16}},{"start":{"line":531,"column":16},"end":{"line":531,"column":16}}]}}},"src/contracts/YetiPunks.sol":{"l":{"28":29,"29":29,"30":29,"31":29,"35":29,"36":29,"37":29,"38":29,"39":29,"40":29,"44":14,"45":14,"66":14,"67":14,"71":14,"76":12,"77":10,"78":10,"82":10,"83":10,"84":9,"106":31,"111":29,"112":87,"120":2,"124":30,"128":16,"142":3,"147":2,"148":2,"155":1,"156":1,"159":1,"160":1,"163":1,"164":1,"167":1,"175":0,"179":14,"187":0},"path":"/Users/christopherfoley/nft/YetiPunks/src/contracts/YetiPunks.sol","s":{"1":29,"2":29,"3":29,"4":29,"5":29,"6":29,"7":29,"8":29,"9":29,"10":29,"11":14,"12":14,"13":14,"14":14,"15":12,"16":10,"17":10,"18":10,"19":10,"20":9,"21":31,"22":29,"23":87,"24":2,"25":30,"26":16,"27":3,"28":2,"29":2,"30":1,"31":1,"32":1,"33":1,"34":1,"35":1,"36":1,"37":0,"38":14,"39":0},"b":{"1":[29,0],"2":[14,0],"3":[14,0],"4":[12,2],"5":[10,2],"6":[10,0],"7":[9,1],"8":[29,2],"9":[2,1],"10":[1,0],"11":[1,0],"12":[1,0]},"f":{"1":29,"2":14,"3":14,"4":10,"5":31,"6":2,"7":30,"8":16,"9":3,"10":1,"11":0,"12":14,"13":0},"fnMap":{"1":{"name":"constructor","line":27,"loc":{"start":{"line":21,"column":4},"end":{"line":41,"column":4}}},"2":{"name":"callerIsUser","line":43,"loc":{"start":{"line":43,"column":4},"end":{"line":46,"column":4}}},"3":{"name":"publicSaleMint","line":65,"loc":{"start":{"line":65,"column":4},"end":{"line":79,"column":4}}},"4":{"name":"refundIfOver","line":81,"loc":{"start":{"line":81,"column":4},"end":{"line":86,"column":4}}},"5":{"name":"devMint","line":104,"loc":{"start":{"line":102,"column":4},"end":{"line":114,"column":4}}},"6":{"name":"_baseURI","line":119,"loc":{"start":{"line":119,"column":4},"end":{"line":121,"column":4}}},"7":{"name":"setNotRevealedURI","line":123,"loc":{"start":{"line":123,"column":4},"end":{"line":125,"column":4}}},"8":{"name":"setBaseURI","line":127,"loc":{"start":{"line":127,"column":4},"end":{"line":129,"column":4}}},"9":{"name":"tokenURI","line":139,"loc":{"start":{"line":134,"column":4},"end":{"line":152,"column":4}}},"10":{"name":"withdrawBalance","line":154,"loc":{"start":{"line":154,"column":4},"end":{"line":168,"column":4}}},"11":{"name":"setOwnersExplicit","line":173,"loc":{"start":{"line":170,"column":4},"end":{"line":176,"column":4}}},"12":{"name":"numberMinted","line":178,"loc":{"start":{"line":178,"column":4},"end":{"line":180,"column":4}}},"13":{"name":"getOwnershipData","line":182,"loc":{"start":{"line":182,"column":4},"end":{"line":188,"column":4}}}},"statementMap":{"1":{"start":{"line":28,"column":8},"end":{"line":28,"column":52}},"2":{"start":{"line":29,"column":8},"end":{"line":29,"column":45}},"3":{"start":{"line":30,"column":8},"end":{"line":30,"column":37}},"4":{"start":{"line":31,"column":8},"end":{"line":31,"column":1097}},"5":{"start":{"line":35,"column":8},"end":{"line":35,"column":45}},"6":{"start":{"line":36,"column":8},"end":{"line":36,"column":56}},"7":{"start":{"line":37,"column":8},"end":{"line":37,"column":67}},"8":{"start":{"line":38,"column":8},"end":{"line":38,"column":67}},"9":{"start":{"line":39,"column":8},"end":{"line":39,"column":67}},"10":{"start":{"line":40,"column":8},"end":{"line":40,"column":31}},"11":{"start":{"line":44,"column":8},"end":{"line":44,"column":73}},"12":{"start":{"line":66,"column":8},"end":{"line":66,"column":41}},"13":{"start":{"line":67,"column":8},"end":{"line":67,"column":2545}},"14":{"start":{"line":71,"column":8},"end":{"line":71,"column":2663}},"15":{"start":{"line":76,"column":8},"end":{"line":76,"column":65}},"16":{"start":{"line":77,"column":8},"end":{"line":77,"column":38}},"17":{"start":{"line":78,"column":8},"end":{"line":78,"column":43}},"18":{"start":{"line":82,"column":8},"end":{"line":82,"column":59}},"19":{"start":{"line":83,"column":8},"end":{"line":83,"column":3113}},"20":{"start":{"line":84,"column":12},"end":{"line":84,"column":58}},"21":{"start":{"line":106,"column":8},"end":{"line":106,"column":3784}},"22":{"start":{"line":111,"column":8},"end":{"line":111,"column":3924}},"23":{"start":{"line":112,"column":12},"end":{"line":112,"column":54}},"24":{"start":{"line":120,"column":8},"end":{"line":120,"column":28}},"25":{"start":{"line":124,"column":8},"end":{"line":124,"column":39}},"26":{"start":{"line":128,"column":8},"end":{"line":128,"column":30}},"27":{"start":{"line":142,"column":8},"end":{"line":142,"column":4692}},"28":{"start":{"line":147,"column":8},"end":{"line":147,"column":42}},"29":{"start":{"line":148,"column":8},"end":{"line":148,"column":4869}},"30":{"start":{"line":155,"column":8},"end":{"line":155,"column":61}},"31":{"start":{"line":156,"column":8},"end":{"line":156,"column":5151}},"32":{"start":{"line":159,"column":8},"end":{"line":159,"column":28}},"33":{"start":{"line":160,"column":8},"end":{"line":160,"column":5315}},"34":{"start":{"line":163,"column":8},"end":{"line":163,"column":30}},"35":{"start":{"line":164,"column":8},"end":{"line":164,"column":5496}},"36":{"start":{"line":167,"column":8},"end":{"line":167,"column":31}},"37":{"start":{"line":175,"column":8},"end":{"line":175,"column":35}},"38":{"start":{"line":179,"column":8},"end":{"line":179,"column":35}},"39":{"start":{"line":187,"column":8},"end":{"line":187,"column":35}}},"branchMap":{"1":{"line":31,"type":"if","locations":[{"start":{"line":31,"column":8},"end":{"line":31,"column":8}},{"start":{"line":31,"column":8},"end":{"line":31,"column":8}}]},"2":{"line":44,"type":"if","locations":[{"start":{"line":44,"column":8},"end":{"line":44,"column":8}},{"start":{"line":44,"column":8},"end":{"line":44,"column":8}}]},"3":{"line":67,"type":"if","locations":[{"start":{"line":67,"column":8},"end":{"line":67,"column":8}},{"start":{"line":67,"column":8},"end":{"line":67,"column":8}}]},"4":{"line":71,"type":"if","locations":[{"start":{"line":71,"column":8},"end":{"line":71,"column":8}},{"start":{"line":71,"column":8},"end":{"line":71,"column":8}}]},"5":{"line":76,"type":"if","locations":[{"start":{"line":76,"column":8},"end":{"line":76,"column":8}},{"start":{"line":76,"column":8},"end":{"line":76,"column":8}}]},"6":{"line":82,"type":"if","locations":[{"start":{"line":82,"column":8},"end":{"line":82,"column":8}},{"start":{"line":82,"column":8},"end":{"line":82,"column":8}}]},"7":{"line":83,"type":"if","locations":[{"start":{"line":83,"column":8},"end":{"line":83,"column":8}},{"start":{"line":83,"column":8},"end":{"line":83,"column":8}}]},"8":{"line":106,"type":"if","locations":[{"start":{"line":106,"column":8},"end":{"line":106,"column":8}},{"start":{"line":106,"column":8},"end":{"line":106,"column":8}}]},"9":{"line":142,"type":"if","locations":[{"start":{"line":142,"column":8},"end":{"line":142,"column":8}},{"start":{"line":142,"column":8},"end":{"line":142,"column":8}}]},"10":{"line":159,"type":"if","locations":[{"start":{"line":159,"column":8},"end":{"line":159,"column":8}},{"start":{"line":159,"column":8},"end":{"line":159,"column":8}}]},"11":{"line":163,"type":"if","locations":[{"start":{"line":163,"column":8},"end":{"line":163,"column":8}},{"start":{"line":163,"column":8},"end":{"line":163,"column":8}}]},"12":{"line":167,"type":"if","locations":[{"start":{"line":167,"column":8},"end":{"line":167,"column":8}},{"start":{"line":167,"column":8},"end":{"line":167,"column":8}}]}}}}